2023-06-30 07:51:00.469 - INFO - 9502 - azureml.train.automl._experiment_drivers.driver_utilities.modify_run_configuration:225 - Package azureml-train-automl missing from dependencies file.
2023-06-30 07:51:00.470 - INFO - 9502 - azureml.train.automl._experiment_drivers.driver_utilities.modify_run_configuration:231 - Using pinned version: azureml-train-automl==1.49.0.*
2023-06-30 07:51:00.470 - INFO - 9502 - azureml.train.automl._experiment_drivers.driver_utilities.modify_run_configuration:225 - Package pandas missing from dependencies file.
2023-06-30 07:51:00.470 - INFO - 9502 - azureml.train.automl._experiment_drivers.driver_utilities.modify_run_configuration:231 - Using pinned version: pandas==1.1.5
2023-06-30 07:51:00.471 - INFO - 9502 - azureml.train.automl._experiment_drivers.driver_utilities.modify_run_configuration:225 - Package psutil missing from dependencies file.
2023-06-30 07:51:00.471 - INFO - 9502 - azureml.train.automl._experiment_drivers.driver_utilities.modify_run_configuration:231 - Using pinned version: psutil>5.0.0,<6.0.0
2023-06-30 07:51:00.471 - INFO - 9502 - azureml.train.automl._experiment_drivers.driver_utilities.modify_run_configuration:225 - Package scikit-learn missing from dependencies file.
2023-06-30 07:51:00.471 - INFO - 9502 - azureml.train.automl._experiment_drivers.driver_utilities.modify_run_configuration:231 - Using pinned version: scikit-learn==0.22.1
2023-06-30 07:51:00.471 - INFO - 9502 - azureml.train.automl._experiment_drivers.driver_utilities.modify_run_configuration:225 - Package numpy missing from dependencies file.
2023-06-30 07:51:00.472 - INFO - 9502 - azureml.train.automl._experiment_drivers.driver_utilities.modify_run_configuration:231 - Using pinned version: numpy~=1.18.0
2023-06-30 07:51:00.472 - INFO - 9502 - azureml.train.automl._experiment_drivers.driver_utilities.modify_run_configuration:225 - Package py-xgboost missing from dependencies file.
2023-06-30 07:51:00.472 - INFO - 9502 - azureml.train.automl._experiment_drivers.driver_utilities.modify_run_configuration:231 - Using pinned version: py-xgboost==1.3.3
2023-06-30 07:51:00.473 - INFO - 9502 - azureml.train.automl._experiment_drivers.driver_utilities.modify_run_configuration:225 - Package inference-schema missing from dependencies file.
2023-06-30 07:51:00.473 - INFO - 9502 - azureml.train.automl._experiment_drivers.driver_utilities.modify_run_configuration:235 - Using installed version: inference-schema==1.5.1
2023-06-30 07:51:00.473 - INFO - 9502 - azureml.train.automl._experiment_drivers.driver_utilities.modify_run_configuration:225 - Package fbprophet missing from dependencies file.
2023-06-30 07:51:00.473 - INFO - 9502 - azureml.train.automl._experiment_drivers.driver_utilities.modify_run_configuration:231 - Using pinned version: fbprophet==0.7.1
2023-06-30 07:51:00.473 - INFO - 9502 - azureml.train.automl._experiment_drivers.driver_utilities.modify_run_configuration:225 - Package holidays missing from dependencies file.
2023-06-30 07:51:00.474 - INFO - 9502 - azureml.train.automl._experiment_drivers.driver_utilities.modify_run_configuration:231 - Using pinned version: holidays==0.10.3
2023-06-30 07:51:00.474 - INFO - 9502 - azureml.train.automl._experiment_drivers.driver_utilities.modify_run_configuration:225 - Package joblib missing from dependencies file.
2023-06-30 07:51:00.474 - INFO - 9502 - azureml.train.automl._experiment_drivers.driver_utilities.modify_run_configuration:231 - Using pinned version: joblib==0.14.1
2023-06-30 07:51:00.474 - INFO - 9502 - azureml.train.automl._experiment_drivers.driver_utilities.modify_run_configuration:225 - Package pystan missing from dependencies file.
2023-06-30 07:51:00.474 - INFO - 9502 - azureml.train.automl._experiment_drivers.driver_utilities.modify_run_configuration:231 - Using pinned version: pystan==2.19.1.1
2023-06-30 07:51:00.475 - INFO - 9502 - azureml.train.automl._experiment_drivers.driver_utilities.modify_run_configuration:225 - Package setuptools-git missing from dependencies file.
2023-06-30 07:51:00.475 - INFO - 9502 - azureml.train.automl._experiment_drivers.driver_utilities.modify_run_configuration:235 - Using installed version: setuptools-git==1.2
2023-06-30 07:51:00.476 - INFO - 9502 - azureml.train.automl._experiment_drivers.driver_utilities.modify_run_configuration:225 - Package urllib3 missing from dependencies file.
2023-06-30 07:51:00.489 - INFO - 9502 - azureml.train.automl._experiment_drivers.driver_utilities.modify_run_configuration:235 - Using installed version: urllib3==1.26.14
2023-06-30 07:51:00.489 - INFO - 9502 - azureml.train.automl._experiment_drivers.driver_utilities.modify_run_configuration:225 - Package azure-core missing from dependencies file.
2023-06-30 07:51:00.489 - INFO - 9502 - azureml.train.automl._experiment_drivers.driver_utilities.modify_run_configuration:235 - Using installed version: azure-core==1.26.3
2023-06-30 07:51:00.490 - INFO - 9502 - azureml.automl.core.dataset_utilities._save_datasets_to_json:255 - JSON serialization of input of type <class 'NoneType'> is un-supported.
2023-06-30 07:51:00.490 - INFO - 9502 - azureml.automl.core.dataset_utilities._save_datasets_to_json:255 - JSON serialization of input of type <class 'NoneType'> is un-supported.
2023-06-30 07:51:00.491 - INFO - 9502 - azureml.train.automl._experiment_drivers.driver_utilities.validate_input:124 - Start data validation.
2023-06-30 07:51:01.328 - INFO - 9502 - azureml.train.automl._experiment_drivers.driver_utilities.validate_input:137 - Validation service found the data has no errors.
2023-06-30 07:51:01.328 - INFO - 9502 - azureml.train.automl._experiment_drivers.driver_utilities.create_remote_parent_run:381 - Start creating parent run.
2023-06-30 07:51:01.654 - INFO - 9502 - azureml.train.automl._experiment_drivers.driver_utilities.create_remote_parent_run:401 - [ParentRunID:AutoML_bb364480-cce7-4c7e-9eaa-6bfcf1987d05] Remote run using input X and y.
2023-06-30 07:51:01.731 - INFO - 9502 - azureml.train.automl._experiment_drivers.driver_utilities.start_remote_run:336 - Starting a snapshot run (snapshot_id : None)
2023-06-30 09:46:48.636 - INFO - 15358 - azureml.train.automl._experiment_drivers.driver_utilities.modify_run_configuration:225 - Package azureml-train-automl missing from dependencies file.
2023-06-30 09:46:48.642 - INFO - 15358 - azureml.train.automl._experiment_drivers.driver_utilities.modify_run_configuration:231 - Using pinned version: azureml-train-automl==1.49.0.*
2023-06-30 09:46:48.647 - INFO - 15358 - azureml.train.automl._experiment_drivers.driver_utilities.modify_run_configuration:225 - Package pandas missing from dependencies file.
2023-06-30 09:46:48.652 - INFO - 15358 - azureml.train.automl._experiment_drivers.driver_utilities.modify_run_configuration:231 - Using pinned version: pandas==1.1.5
2023-06-30 09:46:48.659 - INFO - 15358 - azureml.train.automl._experiment_drivers.driver_utilities.modify_run_configuration:225 - Package psutil missing from dependencies file.
2023-06-30 09:46:48.663 - INFO - 15358 - azureml.train.automl._experiment_drivers.driver_utilities.modify_run_configuration:231 - Using pinned version: psutil>5.0.0,<6.0.0
2023-06-30 09:46:48.670 - INFO - 15358 - azureml.train.automl._experiment_drivers.driver_utilities.modify_run_configuration:225 - Package scikit-learn missing from dependencies file.
2023-06-30 09:46:48.675 - INFO - 15358 - azureml.train.automl._experiment_drivers.driver_utilities.modify_run_configuration:231 - Using pinned version: scikit-learn==0.22.1
2023-06-30 09:46:48.680 - INFO - 15358 - azureml.train.automl._experiment_drivers.driver_utilities.modify_run_configuration:225 - Package numpy missing from dependencies file.
2023-06-30 09:46:48.685 - INFO - 15358 - azureml.train.automl._experiment_drivers.driver_utilities.modify_run_configuration:231 - Using pinned version: numpy~=1.18.0
2023-06-30 09:46:48.689 - INFO - 15358 - azureml.train.automl._experiment_drivers.driver_utilities.modify_run_configuration:225 - Package py-xgboost missing from dependencies file.
2023-06-30 09:46:48.698 - INFO - 15358 - azureml.train.automl._experiment_drivers.driver_utilities.modify_run_configuration:231 - Using pinned version: py-xgboost==1.3.3
2023-06-30 09:46:48.703 - INFO - 15358 - azureml.train.automl._experiment_drivers.driver_utilities.modify_run_configuration:225 - Package inference-schema missing from dependencies file.
2023-06-30 09:46:48.703 - INFO - 15358 - azureml.train.automl._experiment_drivers.driver_utilities.modify_run_configuration:235 - Using installed version: inference-schema==1.5.1
2023-06-30 09:46:48.704 - INFO - 15358 - azureml.train.automl._experiment_drivers.driver_utilities.modify_run_configuration:225 - Package fbprophet missing from dependencies file.
2023-06-30 09:46:48.704 - INFO - 15358 - azureml.train.automl._experiment_drivers.driver_utilities.modify_run_configuration:231 - Using pinned version: fbprophet==0.7.1
2023-06-30 09:46:48.704 - INFO - 15358 - azureml.train.automl._experiment_drivers.driver_utilities.modify_run_configuration:225 - Package holidays missing from dependencies file.
2023-06-30 09:46:48.704 - INFO - 15358 - azureml.train.automl._experiment_drivers.driver_utilities.modify_run_configuration:231 - Using pinned version: holidays==0.10.3
2023-06-30 09:46:48.704 - INFO - 15358 - azureml.train.automl._experiment_drivers.driver_utilities.modify_run_configuration:225 - Package joblib missing from dependencies file.
2023-06-30 09:46:48.705 - INFO - 15358 - azureml.train.automl._experiment_drivers.driver_utilities.modify_run_configuration:231 - Using pinned version: joblib==0.14.1
2023-06-30 09:46:48.705 - INFO - 15358 - azureml.train.automl._experiment_drivers.driver_utilities.modify_run_configuration:225 - Package pystan missing from dependencies file.
2023-06-30 09:46:48.705 - INFO - 15358 - azureml.train.automl._experiment_drivers.driver_utilities.modify_run_configuration:231 - Using pinned version: pystan==2.19.1.1
2023-06-30 09:46:48.705 - INFO - 15358 - azureml.train.automl._experiment_drivers.driver_utilities.modify_run_configuration:225 - Package setuptools-git missing from dependencies file.
2023-06-30 09:46:48.705 - INFO - 15358 - azureml.train.automl._experiment_drivers.driver_utilities.modify_run_configuration:235 - Using installed version: setuptools-git==1.2
2023-06-30 09:46:48.706 - INFO - 15358 - azureml.train.automl._experiment_drivers.driver_utilities.modify_run_configuration:225 - Package urllib3 missing from dependencies file.
2023-06-30 09:46:48.706 - INFO - 15358 - azureml.train.automl._experiment_drivers.driver_utilities.modify_run_configuration:235 - Using installed version: urllib3==1.26.14
2023-06-30 09:46:48.706 - INFO - 15358 - azureml.train.automl._experiment_drivers.driver_utilities.modify_run_configuration:225 - Package azure-core missing from dependencies file.
2023-06-30 09:46:48.706 - INFO - 15358 - azureml.train.automl._experiment_drivers.driver_utilities.modify_run_configuration:235 - Using installed version: azure-core==1.26.3
2023-06-30 09:46:48.707 - INFO - 15358 - azureml.automl.core.dataset_utilities._save_datasets_to_json:255 - JSON serialization of input of type <class 'NoneType'> is un-supported.
2023-06-30 09:46:48.707 - INFO - 15358 - azureml.automl.core.dataset_utilities._save_datasets_to_json:255 - JSON serialization of input of type <class 'NoneType'> is un-supported.
2023-06-30 09:46:48.708 - INFO - 15358 - azureml.train.automl._experiment_drivers.driver_utilities.validate_input:124 - Start data validation.
2023-06-30 09:46:49.517 - INFO - 15358 - azureml.train.automl._experiment_drivers.driver_utilities.validate_input:137 - Validation service found the data has no errors.
2023-06-30 09:46:49.517 - INFO - 15358 - azureml.train.automl._experiment_drivers.driver_utilities.create_remote_parent_run:381 - Start creating parent run.
2023-06-30 09:46:49.827 - INFO - 15358 - azureml.train.automl._experiment_drivers.driver_utilities.create_remote_parent_run:401 - [ParentRunID:AutoML_ffd68b07-26d7-425a-b531-1afa9793211a] Remote run using input X and y.
2023-06-30 09:46:49.919 - INFO - 15358 - azureml.train.automl._experiment_drivers.driver_utilities.start_remote_run:336 - Starting a snapshot run (snapshot_id : None)
2023-06-30 11:40:33.991 - INFO - 21079 - azureml.train.automl._experiment_drivers.driver_utilities.modify_run_configuration:225 - Package azureml-train-automl missing from dependencies file.
2023-06-30 11:40:34.000 - INFO - 21079 - azureml.train.automl._experiment_drivers.driver_utilities.modify_run_configuration:231 - Using pinned version: azureml-train-automl==1.49.0.*
2023-06-30 11:40:34.000 - INFO - 21079 - azureml.train.automl._experiment_drivers.driver_utilities.modify_run_configuration:225 - Package pandas missing from dependencies file.
2023-06-30 11:40:34.000 - INFO - 21079 - azureml.train.automl._experiment_drivers.driver_utilities.modify_run_configuration:231 - Using pinned version: pandas==1.1.5
2023-06-30 11:40:34.001 - INFO - 21079 - azureml.train.automl._experiment_drivers.driver_utilities.modify_run_configuration:225 - Package psutil missing from dependencies file.
2023-06-30 11:40:34.001 - INFO - 21079 - azureml.train.automl._experiment_drivers.driver_utilities.modify_run_configuration:231 - Using pinned version: psutil>5.0.0,<6.0.0
2023-06-30 11:40:34.001 - INFO - 21079 - azureml.train.automl._experiment_drivers.driver_utilities.modify_run_configuration:225 - Package scikit-learn missing from dependencies file.
2023-06-30 11:40:34.001 - INFO - 21079 - azureml.train.automl._experiment_drivers.driver_utilities.modify_run_configuration:231 - Using pinned version: scikit-learn==0.22.1
2023-06-30 11:40:34.001 - INFO - 21079 - azureml.train.automl._experiment_drivers.driver_utilities.modify_run_configuration:225 - Package numpy missing from dependencies file.
2023-06-30 11:40:34.001 - INFO - 21079 - azureml.train.automl._experiment_drivers.driver_utilities.modify_run_configuration:231 - Using pinned version: numpy~=1.18.0
2023-06-30 11:40:34.002 - INFO - 21079 - azureml.train.automl._experiment_drivers.driver_utilities.modify_run_configuration:225 - Package py-xgboost missing from dependencies file.
2023-06-30 11:40:34.002 - INFO - 21079 - azureml.train.automl._experiment_drivers.driver_utilities.modify_run_configuration:231 - Using pinned version: py-xgboost==1.3.3
2023-06-30 11:40:34.002 - INFO - 21079 - azureml.train.automl._experiment_drivers.driver_utilities.modify_run_configuration:225 - Package inference-schema missing from dependencies file.
2023-06-30 11:40:34.002 - INFO - 21079 - azureml.train.automl._experiment_drivers.driver_utilities.modify_run_configuration:235 - Using installed version: inference-schema==1.5.1
2023-06-30 11:40:34.003 - INFO - 21079 - azureml.train.automl._experiment_drivers.driver_utilities.modify_run_configuration:225 - Package fbprophet missing from dependencies file.
2023-06-30 11:40:34.003 - INFO - 21079 - azureml.train.automl._experiment_drivers.driver_utilities.modify_run_configuration:231 - Using pinned version: fbprophet==0.7.1
2023-06-30 11:40:34.003 - INFO - 21079 - azureml.train.automl._experiment_drivers.driver_utilities.modify_run_configuration:225 - Package holidays missing from dependencies file.
2023-06-30 11:40:34.003 - INFO - 21079 - azureml.train.automl._experiment_drivers.driver_utilities.modify_run_configuration:231 - Using pinned version: holidays==0.10.3
2023-06-30 11:40:34.004 - INFO - 21079 - azureml.train.automl._experiment_drivers.driver_utilities.modify_run_configuration:225 - Package joblib missing from dependencies file.
2023-06-30 11:40:34.004 - INFO - 21079 - azureml.train.automl._experiment_drivers.driver_utilities.modify_run_configuration:231 - Using pinned version: joblib==0.14.1
2023-06-30 11:40:34.004 - INFO - 21079 - azureml.train.automl._experiment_drivers.driver_utilities.modify_run_configuration:225 - Package pystan missing from dependencies file.
2023-06-30 11:40:34.004 - INFO - 21079 - azureml.train.automl._experiment_drivers.driver_utilities.modify_run_configuration:231 - Using pinned version: pystan==2.19.1.1
2023-06-30 11:40:34.004 - INFO - 21079 - azureml.train.automl._experiment_drivers.driver_utilities.modify_run_configuration:225 - Package setuptools-git missing from dependencies file.
2023-06-30 11:40:34.005 - INFO - 21079 - azureml.train.automl._experiment_drivers.driver_utilities.modify_run_configuration:235 - Using installed version: setuptools-git==1.2
2023-06-30 11:40:34.005 - INFO - 21079 - azureml.train.automl._experiment_drivers.driver_utilities.modify_run_configuration:225 - Package urllib3 missing from dependencies file.
2023-06-30 11:40:34.005 - INFO - 21079 - azureml.train.automl._experiment_drivers.driver_utilities.modify_run_configuration:235 - Using installed version: urllib3==1.26.14
2023-06-30 11:40:34.005 - INFO - 21079 - azureml.train.automl._experiment_drivers.driver_utilities.modify_run_configuration:225 - Package azure-core missing from dependencies file.
2023-06-30 11:40:34.006 - INFO - 21079 - azureml.train.automl._experiment_drivers.driver_utilities.modify_run_configuration:235 - Using installed version: azure-core==1.26.3
2023-06-30 11:40:34.020 - INFO - 21079 - azureml.automl.core.dataset_utilities._save_datasets_to_json:255 - JSON serialization of input of type <class 'NoneType'> is un-supported.
2023-06-30 11:40:34.020 - INFO - 21079 - azureml.automl.core.dataset_utilities._save_datasets_to_json:255 - JSON serialization of input of type <class 'NoneType'> is un-supported.
2023-06-30 11:40:34.021 - INFO - 21079 - azureml.train.automl._experiment_drivers.driver_utilities.validate_input:124 - Start data validation.
2023-06-30 11:40:34.846 - INFO - 21079 - azureml.train.automl._experiment_drivers.driver_utilities.validate_input:137 - Validation service found the data has no errors.
2023-06-30 11:40:34.846 - INFO - 21079 - azureml.train.automl._experiment_drivers.driver_utilities.create_remote_parent_run:381 - Start creating parent run.
2023-06-30 11:40:35.116 - INFO - 21079 - azureml.train.automl._experiment_drivers.driver_utilities.create_remote_parent_run:401 - [ParentRunID:AutoML_7aaab11a-3a15-4d82-9a21-2fac29f7b30d] Remote run using input X and y.
2023-06-30 11:40:35.203 - INFO - 21079 - azureml.train.automl._experiment_drivers.driver_utilities.start_remote_run:336 - Starting a snapshot run (snapshot_id : None)
2023-06-30 12:25:34.268 - INFO - 38409 - azureml.train.automl._experiment_drivers.driver_utilities.modify_run_configuration:225 - Package azureml-train-automl missing from dependencies file.
2023-06-30 12:25:34.273 - INFO - 38409 - azureml.train.automl._experiment_drivers.driver_utilities.modify_run_configuration:231 - Using pinned version: azureml-train-automl==1.49.0.*
2023-06-30 12:25:34.281 - INFO - 38409 - azureml.train.automl._experiment_drivers.driver_utilities.modify_run_configuration:225 - Package pandas missing from dependencies file.
2023-06-30 12:25:34.286 - INFO - 38409 - azureml.train.automl._experiment_drivers.driver_utilities.modify_run_configuration:231 - Using pinned version: pandas==1.1.5
2023-06-30 12:25:34.291 - INFO - 38409 - azureml.train.automl._experiment_drivers.driver_utilities.modify_run_configuration:225 - Package psutil missing from dependencies file.
2023-06-30 12:25:34.296 - INFO - 38409 - azureml.train.automl._experiment_drivers.driver_utilities.modify_run_configuration:231 - Using pinned version: psutil>5.0.0,<6.0.0
2023-06-30 12:25:34.514 - INFO - 38409 - azureml.train.automl._experiment_drivers.driver_utilities.modify_run_configuration:225 - Package scikit-learn missing from dependencies file.
2023-06-30 12:25:34.520 - INFO - 38409 - azureml.train.automl._experiment_drivers.driver_utilities.modify_run_configuration:231 - Using pinned version: scikit-learn==0.22.1
2023-06-30 12:25:34.525 - INFO - 38409 - azureml.train.automl._experiment_drivers.driver_utilities.modify_run_configuration:225 - Package numpy missing from dependencies file.
2023-06-30 12:25:34.530 - INFO - 38409 - azureml.train.automl._experiment_drivers.driver_utilities.modify_run_configuration:231 - Using pinned version: numpy~=1.18.0
2023-06-30 12:25:34.535 - INFO - 38409 - azureml.train.automl._experiment_drivers.driver_utilities.modify_run_configuration:225 - Package py-xgboost missing from dependencies file.
2023-06-30 12:25:34.539 - INFO - 38409 - azureml.train.automl._experiment_drivers.driver_utilities.modify_run_configuration:231 - Using pinned version: py-xgboost==1.3.3
2023-06-30 12:25:34.544 - INFO - 38409 - azureml.train.automl._experiment_drivers.driver_utilities.modify_run_configuration:225 - Package inference-schema missing from dependencies file.
2023-06-30 12:25:34.545 - INFO - 38409 - azureml.train.automl._experiment_drivers.driver_utilities.modify_run_configuration:235 - Using installed version: inference-schema==1.5.1
2023-06-30 12:25:34.545 - INFO - 38409 - azureml.train.automl._experiment_drivers.driver_utilities.modify_run_configuration:225 - Package fbprophet missing from dependencies file.
2023-06-30 12:25:34.545 - INFO - 38409 - azureml.train.automl._experiment_drivers.driver_utilities.modify_run_configuration:231 - Using pinned version: fbprophet==0.7.1
2023-06-30 12:25:34.545 - INFO - 38409 - azureml.train.automl._experiment_drivers.driver_utilities.modify_run_configuration:225 - Package holidays missing from dependencies file.
2023-06-30 12:25:34.546 - INFO - 38409 - azureml.train.automl._experiment_drivers.driver_utilities.modify_run_configuration:231 - Using pinned version: holidays==0.10.3
2023-06-30 12:25:34.546 - INFO - 38409 - azureml.train.automl._experiment_drivers.driver_utilities.modify_run_configuration:225 - Package joblib missing from dependencies file.
2023-06-30 12:25:34.546 - INFO - 38409 - azureml.train.automl._experiment_drivers.driver_utilities.modify_run_configuration:231 - Using pinned version: joblib==0.14.1
2023-06-30 12:25:34.546 - INFO - 38409 - azureml.train.automl._experiment_drivers.driver_utilities.modify_run_configuration:225 - Package pystan missing from dependencies file.
2023-06-30 12:25:34.546 - INFO - 38409 - azureml.train.automl._experiment_drivers.driver_utilities.modify_run_configuration:231 - Using pinned version: pystan==2.19.1.1
2023-06-30 12:25:34.547 - INFO - 38409 - azureml.train.automl._experiment_drivers.driver_utilities.modify_run_configuration:225 - Package setuptools-git missing from dependencies file.
2023-06-30 12:25:34.547 - INFO - 38409 - azureml.train.automl._experiment_drivers.driver_utilities.modify_run_configuration:235 - Using installed version: setuptools-git==1.2
2023-06-30 12:25:34.547 - INFO - 38409 - azureml.train.automl._experiment_drivers.driver_utilities.modify_run_configuration:225 - Package urllib3 missing from dependencies file.
2023-06-30 12:25:34.547 - INFO - 38409 - azureml.train.automl._experiment_drivers.driver_utilities.modify_run_configuration:235 - Using installed version: urllib3==1.26.14
2023-06-30 12:25:34.548 - INFO - 38409 - azureml.train.automl._experiment_drivers.driver_utilities.modify_run_configuration:225 - Package azure-core missing from dependencies file.
2023-06-30 12:25:34.548 - INFO - 38409 - azureml.train.automl._experiment_drivers.driver_utilities.modify_run_configuration:235 - Using installed version: azure-core==1.26.3
2023-06-30 12:25:34.549 - INFO - 38409 - azureml.automl.core.dataset_utilities._save_datasets_to_json:255 - JSON serialization of input of type <class 'NoneType'> is un-supported.
2023-06-30 12:25:34.549 - INFO - 38409 - azureml.automl.core.dataset_utilities._save_datasets_to_json:255 - JSON serialization of input of type <class 'NoneType'> is un-supported.
2023-06-30 12:25:34.550 - INFO - 38409 - azureml.train.automl._experiment_drivers.driver_utilities.validate_input:124 - Start data validation.
2023-06-30 12:25:35.351 - INFO - 38409 - azureml.train.automl._experiment_drivers.driver_utilities.validate_input:137 - Validation service found the data has no errors.
2023-06-30 12:25:35.351 - INFO - 38409 - azureml.train.automl._experiment_drivers.driver_utilities.create_remote_parent_run:381 - Start creating parent run.
2023-06-30 12:25:35.620 - INFO - 38409 - azureml.train.automl._experiment_drivers.driver_utilities.create_remote_parent_run:401 - [ParentRunID:AutoML_cbf4f34d-2bd6-4a7b-9c4f-7414dbf1ee69] Remote run using input X and y.
2023-06-30 12:25:35.704 - INFO - 38409 - azureml.train.automl._experiment_drivers.driver_utilities.start_remote_run:336 - Starting a snapshot run (snapshot_id : None)
